The system is: Darwin - 21.2.0 - arm64
Compiling the CXX compiler identification source file "CMakeCXXCompilerId.cpp" succeeded.
Compiler: /Library/Developer/CommandLineTools/usr/bin/c++ 
Build flags: 
Id flags: -c 

The output was:
0


Compilation of the CXX compiler identification source "CMakeCXXCompilerId.cpp" produced "CMakeCXXCompilerId.o"

The CXX compiler identification is AppleClang, found in "/Users/anastasialobkina/Desktop/KirillovaVika-homework-3-main/cmake-build-debug/CMakeFiles/3.22.3/CompilerIdCXX/CMakeCXXCompilerId.o"

Detecting CXX compiler ABI info compiled with the following output:
Change Dir: /Users/anastasialobkina/Desktop/KirillovaVika-homework-3-main/cmake-build-debug/CMakeFiles/CMakeTmp

Run Build Command(s):/Applications/CLion.app/Contents/bin/ninja/mac/ninja cmTC_7e1a1 && [1/2] Building CXX object CMakeFiles/cmTC_7e1a1.dir/CMakeCXXCompilerABI.cpp.o
Apple clang version 13.0.0 (clang-1300.0.27.3)
Target: arm64-apple-darwin21.2.0
Thread model: posix
InstalledDir: /Library/Developer/CommandLineTools/usr/bin
clang: warning: -Wl,-v: 'linker' input unused [-Wunused-command-line-argument]
 "/Library/Developer/CommandLineTools/usr/bin/clang" -cc1 -triple arm64-apple-macosx12.1.0 -Wundef-prefix=TARGET_OS_ -Wdeprecated-objc-isa-usage -Werror=deprecated-objc-isa-usage -Werror=implicit-function-declaration -emit-obj -mrelax-all --mrelax-relocations -disable-free -disable-llvm-verifier -discard-value-names -main-file-name CMakeCXXCompilerABI.cpp -mrelocation-model pic -pic-level 2 -mframe-pointer=non-leaf -fno-strict-return -fno-rounding-math -munwind-tables -target-sdk-version=12.3 -fvisibility-inlines-hidden-static-local-var -target-cpu apple-m1 -target-feature +v8.5a -target-feature +fp-armv8 -target-feature +neon -target-feature +crc -target-feature +crypto -target-feature +dotprod -target-feature +fp16fml -target-feature +ras -target-feature +lse -target-feature +rdm -target-feature +rcpc -target-feature +zcm -target-feature +zcz -target-feature +fullfp16 -target-feature +sm4 -target-feature +sha3 -target-feature +sha2 -target-feature +aes -target-abi darwinpcs -fallow-half-arguments-and-returns -debugger-tuning=lldb -target-linker-version 710.1 -v -resource-dir /Library/Developer/CommandLineTools/usr/lib/clang/13.0.0 -dependency-file CMakeFiles/cmTC_7e1a1.dir/CMakeCXXCompilerABI.cpp.o.d -skip-unused-modulemap-deps -MT CMakeFiles/cmTC_7e1a1.dir/CMakeCXXCompilerABI.cpp.o -sys-header-deps -isysroot /Library/Developer/CommandLineTools/SDKs/MacOSX12.3.sdk -stdlib=libc++ -internal-isystem /Library/Developer/CommandLineTools/SDKs/MacOSX12.3.sdk/usr/include/c++/v1 -internal-isystem /Library/Developer/CommandLineTools/SDKs/MacOSX12.3.sdk/usr/local/include -internal-isystem /Library/Developer/CommandLineTools/usr/lib/clang/13.0.0/include -internal-externc-isystem /Library/Developer/CommandLineTools/SDKs/MacOSX12.3.sdk/usr/include -internal-externc-isystem /Library/Developer/CommandLineTools/usr/include -Wno-reorder-init-list -Wno-implicit-int-float-conversion -Wno-c99-designator -Wno-final-dtor-non-final-class -Wno-extra-semi-stmt -Wno-misleading-indentation -Wno-quoted-include-in-framework-header -Wno-implicit-fallthrough -Wno-enum-enum-conversion -Wno-enum-float-conversion -Wno-elaborated-enum-base -fdeprecated-macro -fdebug-compilation-dir /Users/anastasialobkina/Desktop/KirillovaVika-homework-3-main/cmake-build-debug/CMakeFiles/CMakeTmp -ferror-limit 19 -stack-protector 1 -fstack-check -mdarwin-stkchk-strong-link -fblocks -fencode-extended-block-signature -fregister-global-dtors-with-atexit -fgnuc-version=4.2.1 -fcxx-exceptions -fexceptions -fmax-type-align=16 -fcommon -clang-vendor-feature=+nullptrToBoolConversion -clang-vendor-feature=+messageToSelfInClassMethodIdReturnType -clang-vendor-feature=+disableInferNewAvailabilityFromInit -clang-vendor-feature=+disableNeonImmediateRangeCheck -clang-vendor-feature=+disableNonDependentMemberExprInCurrentInstantiation -fno-odr-hash-protocols -clang-vendor-feature=+revert09abecef7bbf -mllvm -disable-aligned-alloc-awareness=1 -mllvm -enable-dse-memoryssa=0 -o CMakeFiles/cmTC_7e1a1.dir/CMakeCXXCompilerABI.cpp.o -x c++ /Applications/CLion.app/Contents/bin/cmake/mac/share/cmake-3.22/Modules/CMakeCXXCompilerABI.cpp
clang -cc1 version 13.0.0 (clang-1300.0.27.3) default target arm64-apple-darwin21.2.0
ignoring nonexistent directory "/Library/Developer/CommandLineTools/SDKs/MacOSX12.3.sdk/usr/local/include"
ignoring nonexistent directory "/Library/Developer/CommandLineTools/SDKs/MacOSX12.3.sdk/Library/Frameworks"
#include "..." search starts here:
#include <...> search starts here:
 /Library/Developer/CommandLineTools/SDKs/MacOSX12.3.sdk/usr/include/c++/v1
 /Library/Developer/CommandLineTools/usr/lib/clang/13.0.0/include
 /Library/Developer/CommandLineTools/SDKs/MacOSX12.3.sdk/usr/include
 /Library/Developer/CommandLineTools/usr/include
 /Library/Developer/CommandLineTools/SDKs/MacOSX12.3.sdk/System/Library/Frameworks (framework directory)
End of search list.
[2/2] Linking CXX executable cmTC_7e1a1
Apple clang version 13.0.0 (clang-1300.0.27.3)
Target: arm64-apple-darwin21.2.0
Thread model: posix
InstalledDir: /Library/Developer/CommandLineTools/usr/bin
 "/Library/Developer/CommandLineTools/usr/bin/ld" -demangle -lto_library /Library/Developer/CommandLineTools/usr/lib/libLTO.dylib -dynamic -arch arm64 -platform_version macos 12.1.0 12.3 -syslibroot /Library/Developer/CommandLineTools/SDKs/MacOSX12.3.sdk -o cmTC_7e1a1 -search_paths_first -headerpad_max_install_names -v CMakeFiles/cmTC_7e1a1.dir/CMakeCXXCompilerABI.cpp.o -lc++ -lSystem /Library/Developer/CommandLineTools/usr/lib/clang/13.0.0/lib/darwin/libclang_rt.osx.a
@(#)PROGRAM:ld  PROJECT:ld64-710.1
BUILD 08:20:25 Jul 19 2021
configured to support archs: armv6 armv7 armv7s arm64 arm64e arm64_32 i386 x86_64 x86_64h armv6m armv7k armv7m armv7em
Library search paths:
	/Library/Developer/CommandLineTools/SDKs/MacOSX12.3.sdk/usr/lib
Framework search paths:
	/Library/Developer/CommandLineTools/SDKs/MacOSX12.3.sdk/System/Library/Frameworks/



Parsed CXX implicit include dir info from above output: rv=done
  found start of include info
  found start of implicit include info
    add: [/Library/Developer/CommandLineTools/SDKs/MacOSX12.3.sdk/usr/include/c++/v1]
    add: [/Library/Developer/CommandLineTools/usr/lib/clang/13.0.0/include]
    add: [/Library/Developer/CommandLineTools/SDKs/MacOSX12.3.sdk/usr/include]
    add: [/Library/Developer/CommandLineTools/usr/include]
  end of search list found
  collapse include dir [/Library/Developer/CommandLineTools/SDKs/MacOSX12.3.sdk/usr/include/c++/v1] ==> [/Library/Developer/CommandLineTools/SDKs/MacOSX12.3.sdk/usr/include/c++/v1]
  collapse include dir [/Library/Developer/CommandLineTools/usr/lib/clang/13.0.0/include] ==> [/Library/Developer/CommandLineTools/usr/lib/clang/13.0.0/include]
  collapse include dir [/Library/Developer/CommandLineTools/SDKs/MacOSX12.3.sdk/usr/include] ==> [/Library/Developer/CommandLineTools/SDKs/MacOSX12.3.sdk/usr/include]
  collapse include dir [/Library/Developer/CommandLineTools/usr/include] ==> [/Library/Developer/CommandLineTools/usr/include]
  implicit include dirs: [/Library/Developer/CommandLineTools/SDKs/MacOSX12.3.sdk/usr/include/c++/v1;/Library/Developer/CommandLineTools/usr/lib/clang/13.0.0/include;/Library/Developer/CommandLineTools/SDKs/MacOSX12.3.sdk/usr/include;/Library/Developer/CommandLineTools/usr/include]


Parsed CXX implicit link information from above output:
  link line regex: [^( *|.*[/\])(ld|CMAKE_LINK_STARTFILE-NOTFOUND|([^/\]+-)?ld|collect2)[^/\]*( |$)]
  ignore line: [Change Dir: /Users/anastasialobkina/Desktop/KirillovaVika-homework-3-main/cmake-build-debug/CMakeFiles/CMakeTmp]
  ignore line: []
  ignore line: [Run Build Command(s):/Applications/CLion.app/Contents/bin/ninja/mac/ninja cmTC_7e1a1 && [1/2] Building CXX object CMakeFiles/cmTC_7e1a1.dir/CMakeCXXCompilerABI.cpp.o]
  ignore line: [Apple clang version 13.0.0 (clang-1300.0.27.3)]
  ignore line: [Target: arm64-apple-darwin21.2.0]
  ignore line: [Thread model: posix]
  ignore line: [InstalledDir: /Library/Developer/CommandLineTools/usr/bin]
  ignore line: [clang: warning: -Wl -v: 'linker' input unused [-Wunused-command-line-argument]]
  ignore line: [ "/Library/Developer/CommandLineTools/usr/bin/clang" -cc1 -triple arm64-apple-macosx12.1.0 -Wundef-prefix=TARGET_OS_ -Wdeprecated-objc-isa-usage -Werror=deprecated-objc-isa-usage -Werror=implicit-function-declaration -emit-obj -mrelax-all --mrelax-relocations -disable-free -disable-llvm-verifier -discard-value-names -main-file-name CMakeCXXCompilerABI.cpp -mrelocation-model pic -pic-level 2 -mframe-pointer=non-leaf -fno-strict-return -fno-rounding-math -munwind-tables -target-sdk-version=12.3 -fvisibility-inlines-hidden-static-local-var -target-cpu apple-m1 -target-feature +v8.5a -target-feature +fp-armv8 -target-feature +neon -target-feature +crc -target-feature +crypto -target-feature +dotprod -target-feature +fp16fml -target-feature +ras -target-feature +lse -target-feature +rdm -target-feature +rcpc -target-feature +zcm -target-feature +zcz -target-feature +fullfp16 -target-feature +sm4 -target-feature +sha3 -target-feature +sha2 -target-feature +aes -target-abi darwinpcs -fallow-half-arguments-and-returns -debugger-tuning=lldb -target-linker-version 710.1 -v -resource-dir /Library/Developer/CommandLineTools/usr/lib/clang/13.0.0 -dependency-file CMakeFiles/cmTC_7e1a1.dir/CMakeCXXCompilerABI.cpp.o.d -skip-unused-modulemap-deps -MT CMakeFiles/cmTC_7e1a1.dir/CMakeCXXCompilerABI.cpp.o -sys-header-deps -isysroot /Library/Developer/CommandLineTools/SDKs/MacOSX12.3.sdk -stdlib=libc++ -internal-isystem /Library/Developer/CommandLineTools/SDKs/MacOSX12.3.sdk/usr/include/c++/v1 -internal-isystem /Library/Developer/CommandLineTools/SDKs/MacOSX12.3.sdk/usr/local/include -internal-isystem /Library/Developer/CommandLineTools/usr/lib/clang/13.0.0/include -internal-externc-isystem /Library/Developer/CommandLineTools/SDKs/MacOSX12.3.sdk/usr/include -internal-externc-isystem /Library/Developer/CommandLineTools/usr/include -Wno-reorder-init-list -Wno-implicit-int-float-conversion -Wno-c99-designator -Wno-final-dtor-non-final-class -Wno-extra-semi-stmt -Wno-misleading-indentation -Wno-quoted-include-in-framework-header -Wno-implicit-fallthrough -Wno-enum-enum-conversion -Wno-enum-float-conversion -Wno-elaborated-enum-base -fdeprecated-macro -fdebug-compilation-dir /Users/anastasialobkina/Desktop/KirillovaVika-homework-3-main/cmake-build-debug/CMakeFiles/CMakeTmp -ferror-limit 19 -stack-protector 1 -fstack-check -mdarwin-stkchk-strong-link -fblocks -fencode-extended-block-signature -fregister-global-dtors-with-atexit -fgnuc-version=4.2.1 -fcxx-exceptions -fexceptions -fmax-type-align=16 -fcommon -clang-vendor-feature=+nullptrToBoolConversion -clang-vendor-feature=+messageToSelfInClassMethodIdReturnType -clang-vendor-feature=+disableInferNewAvailabilityFromInit -clang-vendor-feature=+disableNeonImmediateRangeCheck -clang-vendor-feature=+disableNonDependentMemberExprInCurrentInstantiation -fno-odr-hash-protocols -clang-vendor-feature=+revert09abecef7bbf -mllvm -disable-aligned-alloc-awareness=1 -mllvm -enable-dse-memoryssa=0 -o CMakeFiles/cmTC_7e1a1.dir/CMakeCXXCompilerABI.cpp.o -x c++ /Applications/CLion.app/Contents/bin/cmake/mac/share/cmake-3.22/Modules/CMakeCXXCompilerABI.cpp]
  ignore line: [clang -cc1 version 13.0.0 (clang-1300.0.27.3) default target arm64-apple-darwin21.2.0]
  ignore line: [ignoring nonexistent directory "/Library/Developer/CommandLineTools/SDKs/MacOSX12.3.sdk/usr/local/include"]
  ignore line: [ignoring nonexistent directory "/Library/Developer/CommandLineTools/SDKs/MacOSX12.3.sdk/Library/Frameworks"]
  ignore line: [#include "..." search starts here:]
  ignore line: [#include <...> search starts here:]
  ignore line: [ /Library/Developer/CommandLineTools/SDKs/MacOSX12.3.sdk/usr/include/c++/v1]
  ignore line: [ /Library/Developer/CommandLineTools/usr/lib/clang/13.0.0/include]
  ignore line: [ /Library/Developer/CommandLineTools/SDKs/MacOSX12.3.sdk/usr/include]
  ignore line: [ /Library/Developer/CommandLineTools/usr/include]
  ignore line: [ /Library/Developer/CommandLineTools/SDKs/MacOSX12.3.sdk/System/Library/Frameworks (framework directory)]
  ignore line: [End of search list.]
  ignore line: [[2/2] Linking CXX executable cmTC_7e1a1]
  ignore line: [Apple clang version 13.0.0 (clang-1300.0.27.3)]
  ignore line: [Target: arm64-apple-darwin21.2.0]
  ignore line: [Thread model: posix]
  ignore line: [InstalledDir: /Library/Developer/CommandLineTools/usr/bin]
  link line: [ "/Library/Developer/CommandLineTools/usr/bin/ld" -demangle -lto_library /Library/Developer/CommandLineTools/usr/lib/libLTO.dylib -dynamic -arch arm64 -platform_version macos 12.1.0 12.3 -syslibroot /Library/Developer/CommandLineTools/SDKs/MacOSX12.3.sdk -o cmTC_7e1a1 -search_paths_first -headerpad_max_install_names -v CMakeFiles/cmTC_7e1a1.dir/CMakeCXXCompilerABI.cpp.o -lc++ -lSystem /Library/Developer/CommandLineTools/usr/lib/clang/13.0.0/lib/darwin/libclang_rt.osx.a]
    arg [/Library/Developer/CommandLineTools/usr/bin/ld] ==> ignore
    arg [-demangle] ==> ignore
    arg [-lto_library] ==> ignore, skip following value
    arg [/Library/Developer/CommandLineTools/usr/lib/libLTO.dylib] ==> skip value of -lto_library
    arg [-dynamic] ==> ignore
    arg [-arch] ==> ignore
    arg [arm64] ==> ignore
    arg [-platform_version] ==> ignore
    arg [macos] ==> ignore
    arg [12.1.0] ==> ignore
    arg [12.3] ==> ignore
    arg [-syslibroot] ==> ignore
    arg [/Library/Developer/CommandLineTools/SDKs/MacOSX12.3.sdk] ==> ignore
    arg [-o] ==> ignore
    arg [cmTC_7e1a1] ==> ignore
    arg [-search_paths_first] ==> ignore
    arg [-headerpad_max_install_names] ==> ignore
    arg [-v] ==> ignore
    arg [CMakeFiles/cmTC_7e1a1.dir/CMakeCXXCompilerABI.cpp.o] ==> ignore
    arg [-lc++] ==> lib [c++]
    arg [-lSystem] ==> lib [System]
    arg [/Library/Developer/CommandLineTools/usr/lib/clang/13.0.0/lib/darwin/libclang_rt.osx.a] ==> lib [/Library/Developer/CommandLineTools/usr/lib/clang/13.0.0/lib/darwin/libclang_rt.osx.a]
  Library search paths: [;/Library/Developer/CommandLineTools/SDKs/MacOSX12.3.sdk/usr/lib]
  Framework search paths: [;/Library/Developer/CommandLineTools/SDKs/MacOSX12.3.sdk/System/Library/Frameworks/]
  remove lib [System]
  remove lib [/Library/Developer/CommandLineTools/usr/lib/clang/13.0.0/lib/darwin/libclang_rt.osx.a]
  collapse library dir [/Library/Developer/CommandLineTools/SDKs/MacOSX12.3.sdk/usr/lib] ==> [/Library/Developer/CommandLineTools/SDKs/MacOSX12.3.sdk/usr/lib]
  collapse framework dir [/Library/Developer/CommandLineTools/SDKs/MacOSX12.3.sdk/System/Library/Frameworks/] ==> [/Library/Developer/CommandLineTools/SDKs/MacOSX12.3.sdk/System/Library/Frameworks]
  implicit libs: [c++]
  implicit objs: []
  implicit dirs: [/Library/Developer/CommandLineTools/SDKs/MacOSX12.3.sdk/usr/lib]
  implicit fwks: [/Library/Developer/CommandLineTools/SDKs/MacOSX12.3.sdk/System/Library/Frameworks]


Compiling the C compiler identification source file "CMakeCCompilerId.c" succeeded.
Compiler: /Library/Developer/CommandLineTools/usr/bin/cc 
Build flags: 
Id flags: -c 

The output was:
0


Compilation of the C compiler identification source "CMakeCCompilerId.c" produced "CMakeCCompilerId.o"

The C compiler identification is AppleClang, found in "/Users/anastasialobkina/Desktop/KirillovaVika-homework-3-main/cmake-build-debug/CMakeFiles/3.22.3/CompilerIdC/CMakeCCompilerId.o"

Detecting C compiler ABI info compiled with the following output:
Change Dir: /Users/anastasialobkina/Desktop/KirillovaVika-homework-3-main/cmake-build-debug/CMakeFiles/CMakeTmp

Run Build Command(s):/Applications/CLion.app/Contents/bin/ninja/mac/ninja cmTC_076f7 && [1/2] Building C object CMakeFiles/cmTC_076f7.dir/CMakeCCompilerABI.c.o
Apple clang version 13.0.0 (clang-1300.0.27.3)
Target: arm64-apple-darwin21.2.0
Thread model: posix
InstalledDir: /Library/Developer/CommandLineTools/usr/bin
clang: warning: -Wl,-v: 'linker' input unused [-Wunused-command-line-argument]
 "/Library/Developer/CommandLineTools/usr/bin/clang" -cc1 -triple arm64-apple-macosx12.1.0 -Wundef-prefix=TARGET_OS_ -Wdeprecated-objc-isa-usage -Werror=deprecated-objc-isa-usage -Werror=implicit-function-declaration -emit-obj -mrelax-all --mrelax-relocations -disable-free -disable-llvm-verifier -discard-value-names -main-file-name CMakeCCompilerABI.c -mrelocation-model pic -pic-level 2 -mframe-pointer=non-leaf -fno-strict-return -fno-rounding-math -munwind-tables -target-sdk-version=12.3 -fvisibility-inlines-hidden-static-local-var -target-cpu apple-m1 -target-feature +v8.5a -target-feature +fp-armv8 -target-feature +neon -target-feature +crc -target-feature +crypto -target-feature +dotprod -target-feature +fp16fml -target-feature +ras -target-feature +lse -target-feature +rdm -target-feature +rcpc -target-feature +zcm -target-feature +zcz -target-feature +fullfp16 -target-feature +sm4 -target-feature +sha3 -target-feature +sha2 -target-feature +aes -target-abi darwinpcs -fallow-half-arguments-and-returns -debugger-tuning=lldb -target-linker-version 710.1 -v -resource-dir /Library/Developer/CommandLineTools/usr/lib/clang/13.0.0 -dependency-file CMakeFiles/cmTC_076f7.dir/CMakeCCompilerABI.c.o.d -skip-unused-modulemap-deps -MT CMakeFiles/cmTC_076f7.dir/CMakeCCompilerABI.c.o -sys-header-deps -isysroot /Library/Developer/CommandLineTools/SDKs/MacOSX12.3.sdk -internal-isystem /Library/Developer/CommandLineTools/SDKs/MacOSX12.3.sdk/usr/local/include -internal-isystem /Library/Developer/CommandLineTools/usr/lib/clang/13.0.0/include -internal-externc-isystem /Library/Developer/CommandLineTools/SDKs/MacOSX12.3.sdk/usr/include -internal-externc-isystem /Library/Developer/CommandLineTools/usr/include -Wno-reorder-init-list -Wno-implicit-int-float-conversion -Wno-c99-designator -Wno-final-dtor-non-final-class -Wno-extra-semi-stmt -Wno-misleading-indentation -Wno-quoted-include-in-framework-header -Wno-implicit-fallthrough -Wno-enum-enum-conversion -Wno-enum-float-conversion -Wno-elaborated-enum-base -fdebug-compilation-dir /Users/anastasialobkina/Desktop/KirillovaVika-homework-3-main/cmake-build-debug/CMakeFiles/CMakeTmp -ferror-limit 19 -stack-protector 1 -fstack-check -mdarwin-stkchk-strong-link -fblocks -fencode-extended-block-signature -fregister-global-dtors-with-atexit -fgnuc-version=4.2.1 -fmax-type-align=16 -fcommon -clang-vendor-feature=+nullptrToBoolConversion -clang-vendor-feature=+messageToSelfInClassMethodIdReturnType -clang-vendor-feature=+disableInferNewAvailabilityFromInit -clang-vendor-feature=+disableNeonImmediateRangeCheck -clang-vendor-feature=+disableNonDependentMemberExprInCurrentInstantiation -fno-odr-hash-protocols -clang-vendor-feature=+revert09abecef7bbf -mllvm -disable-aligned-alloc-awareness=1 -mllvm -enable-dse-memoryssa=0 -o CMakeFiles/cmTC_076f7.dir/CMakeCCompilerABI.c.o -x c /Applications/CLion.app/Contents/bin/cmake/mac/share/cmake-3.22/Modules/CMakeCCompilerABI.c
clang -cc1 version 13.0.0 (clang-1300.0.27.3) default target arm64-apple-darwin21.2.0
ignoring nonexistent directory "/Library/Developer/CommandLineTools/SDKs/MacOSX12.3.sdk/usr/local/include"
ignoring nonexistent directory "/Library/Developer/CommandLineTools/SDKs/MacOSX12.3.sdk/Library/Frameworks"
#include "..." search starts here:
#include <...> search starts here:
 /Library/Developer/CommandLineTools/usr/lib/clang/13.0.0/include
 /Library/Developer/CommandLineTools/SDKs/MacOSX12.3.sdk/usr/include
 /Library/Developer/CommandLineTools/usr/include
 /Library/Developer/CommandLineTools/SDKs/MacOSX12.3.sdk/System/Library/Frameworks (framework directory)
End of search list.
[2/2] Linking C executable cmTC_076f7
Apple clang version 13.0.0 (clang-1300.0.27.3)
Target: arm64-apple-darwin21.2.0
Thread model: posix
InstalledDir: /Library/Developer/CommandLineTools/usr/bin
 "/Library/Developer/CommandLineTools/usr/bin/ld" -demangle -lto_library /Library/Developer/CommandLineTools/usr/lib/libLTO.dylib -dynamic -arch arm64 -platform_version macos 12.1.0 12.3 -syslibroot /Library/Developer/CommandLineTools/SDKs/MacOSX12.3.sdk -o cmTC_076f7 -search_paths_first -headerpad_max_install_names -v CMakeFiles/cmTC_076f7.dir/CMakeCCompilerABI.c.o -lSystem /Library/Developer/CommandLineTools/usr/lib/clang/13.0.0/lib/darwin/libclang_rt.osx.a
@(#)PROGRAM:ld  PROJECT:ld64-710.1
BUILD 08:20:25 Jul 19 2021
configured to support archs: armv6 armv7 armv7s arm64 arm64e arm64_32 i386 x86_64 x86_64h armv6m armv7k armv7m armv7em
Library search paths:
	/Library/Developer/CommandLineTools/SDKs/MacOSX12.3.sdk/usr/lib
Framework search paths:
	/Library/Developer/CommandLineTools/SDKs/MacOSX12.3.sdk/System/Library/Frameworks/



Parsed C implicit include dir info from above output: rv=done
  found start of include info
  found start of implicit include info
    add: [/Library/Developer/CommandLineTools/usr/lib/clang/13.0.0/include]
    add: [/Library/Developer/CommandLineTools/SDKs/MacOSX12.3.sdk/usr/include]
    add: [/Library/Developer/CommandLineTools/usr/include]
  end of search list found
  collapse include dir [/Library/Developer/CommandLineTools/usr/lib/clang/13.0.0/include] ==> [/Library/Developer/CommandLineTools/usr/lib/clang/13.0.0/include]
  collapse include dir [/Library/Developer/CommandLineTools/SDKs/MacOSX12.3.sdk/usr/include] ==> [/Library/Developer/CommandLineTools/SDKs/MacOSX12.3.sdk/usr/include]
  collapse include dir [/Library/Developer/CommandLineTools/usr/include] ==> [/Library/Developer/CommandLineTools/usr/include]
  implicit include dirs: [/Library/Developer/CommandLineTools/usr/lib/clang/13.0.0/include;/Library/Developer/CommandLineTools/SDKs/MacOSX12.3.sdk/usr/include;/Library/Developer/CommandLineTools/usr/include]


Parsed C implicit link information from above output:
  link line regex: [^( *|.*[/\])(ld|CMAKE_LINK_STARTFILE-NOTFOUND|([^/\]+-)?ld|collect2)[^/\]*( |$)]
  ignore line: [Change Dir: /Users/anastasialobkina/Desktop/KirillovaVika-homework-3-main/cmake-build-debug/CMakeFiles/CMakeTmp]
  ignore line: []
  ignore line: [Run Build Command(s):/Applications/CLion.app/Contents/bin/ninja/mac/ninja cmTC_076f7 && [1/2] Building C object CMakeFiles/cmTC_076f7.dir/CMakeCCompilerABI.c.o]
  ignore line: [Apple clang version 13.0.0 (clang-1300.0.27.3)]
  ignore line: [Target: arm64-apple-darwin21.2.0]
  ignore line: [Thread model: posix]
  ignore line: [InstalledDir: /Library/Developer/CommandLineTools/usr/bin]
  ignore line: [clang: warning: -Wl -v: 'linker' input unused [-Wunused-command-line-argument]]
  ignore line: [ "/Library/Developer/CommandLineTools/usr/bin/clang" -cc1 -triple arm64-apple-macosx12.1.0 -Wundef-prefix=TARGET_OS_ -Wdeprecated-objc-isa-usage -Werror=deprecated-objc-isa-usage -Werror=implicit-function-declaration -emit-obj -mrelax-all --mrelax-relocations -disable-free -disable-llvm-verifier -discard-value-names -main-file-name CMakeCCompilerABI.c -mrelocation-model pic -pic-level 2 -mframe-pointer=non-leaf -fno-strict-return -fno-rounding-math -munwind-tables -target-sdk-version=12.3 -fvisibility-inlines-hidden-static-local-var -target-cpu apple-m1 -target-feature +v8.5a -target-feature +fp-armv8 -target-feature +neon -target-feature +crc -target-feature +crypto -target-feature +dotprod -target-feature +fp16fml -target-feature +ras -target-feature +lse -target-feature +rdm -target-feature +rcpc -target-feature +zcm -target-feature +zcz -target-feature +fullfp16 -target-feature +sm4 -target-feature +sha3 -target-feature +sha2 -target-feature +aes -target-abi darwinpcs -fallow-half-arguments-and-returns -debugger-tuning=lldb -target-linker-version 710.1 -v -resource-dir /Library/Developer/CommandLineTools/usr/lib/clang/13.0.0 -dependency-file CMakeFiles/cmTC_076f7.dir/CMakeCCompilerABI.c.o.d -skip-unused-modulemap-deps -MT CMakeFiles/cmTC_076f7.dir/CMakeCCompilerABI.c.o -sys-header-deps -isysroot /Library/Developer/CommandLineTools/SDKs/MacOSX12.3.sdk -internal-isystem /Library/Developer/CommandLineTools/SDKs/MacOSX12.3.sdk/usr/local/include -internal-isystem /Library/Developer/CommandLineTools/usr/lib/clang/13.0.0/include -internal-externc-isystem /Library/Developer/CommandLineTools/SDKs/MacOSX12.3.sdk/usr/include -internal-externc-isystem /Library/Developer/CommandLineTools/usr/include -Wno-reorder-init-list -Wno-implicit-int-float-conversion -Wno-c99-designator -Wno-final-dtor-non-final-class -Wno-extra-semi-stmt -Wno-misleading-indentation -Wno-quoted-include-in-framework-header -Wno-implicit-fallthrough -Wno-enum-enum-conversion -Wno-enum-float-conversion -Wno-elaborated-enum-base -fdebug-compilation-dir /Users/anastasialobkina/Desktop/KirillovaVika-homework-3-main/cmake-build-debug/CMakeFiles/CMakeTmp -ferror-limit 19 -stack-protector 1 -fstack-check -mdarwin-stkchk-strong-link -fblocks -fencode-extended-block-signature -fregister-global-dtors-with-atexit -fgnuc-version=4.2.1 -fmax-type-align=16 -fcommon -clang-vendor-feature=+nullptrToBoolConversion -clang-vendor-feature=+messageToSelfInClassMethodIdReturnType -clang-vendor-feature=+disableInferNewAvailabilityFromInit -clang-vendor-feature=+disableNeonImmediateRangeCheck -clang-vendor-feature=+disableNonDependentMemberExprInCurrentInstantiation -fno-odr-hash-protocols -clang-vendor-feature=+revert09abecef7bbf -mllvm -disable-aligned-alloc-awareness=1 -mllvm -enable-dse-memoryssa=0 -o CMakeFiles/cmTC_076f7.dir/CMakeCCompilerABI.c.o -x c /Applications/CLion.app/Contents/bin/cmake/mac/share/cmake-3.22/Modules/CMakeCCompilerABI.c]
  ignore line: [clang -cc1 version 13.0.0 (clang-1300.0.27.3) default target arm64-apple-darwin21.2.0]
  ignore line: [ignoring nonexistent directory "/Library/Developer/CommandLineTools/SDKs/MacOSX12.3.sdk/usr/local/include"]
  ignore line: [ignoring nonexistent directory "/Library/Developer/CommandLineTools/SDKs/MacOSX12.3.sdk/Library/Frameworks"]
  ignore line: [#include "..." search starts here:]
  ignore line: [#include <...> search starts here:]
  ignore line: [ /Library/Developer/CommandLineTools/usr/lib/clang/13.0.0/include]
  ignore line: [ /Library/Developer/CommandLineTools/SDKs/MacOSX12.3.sdk/usr/include]
  ignore line: [ /Library/Developer/CommandLineTools/usr/include]
  ignore line: [ /Library/Developer/CommandLineTools/SDKs/MacOSX12.3.sdk/System/Library/Frameworks (framework directory)]
  ignore line: [End of search list.]
  ignore line: [[2/2] Linking C executable cmTC_076f7]
  ignore line: [Apple clang version 13.0.0 (clang-1300.0.27.3)]
  ignore line: [Target: arm64-apple-darwin21.2.0]
  ignore line: [Thread model: posix]
  ignore line: [InstalledDir: /Library/Developer/CommandLineTools/usr/bin]
  link line: [ "/Library/Developer/CommandLineTools/usr/bin/ld" -demangle -lto_library /Library/Developer/CommandLineTools/usr/lib/libLTO.dylib -dynamic -arch arm64 -platform_version macos 12.1.0 12.3 -syslibroot /Library/Developer/CommandLineTools/SDKs/MacOSX12.3.sdk -o cmTC_076f7 -search_paths_first -headerpad_max_install_names -v CMakeFiles/cmTC_076f7.dir/CMakeCCompilerABI.c.o -lSystem /Library/Developer/CommandLineTools/usr/lib/clang/13.0.0/lib/darwin/libclang_rt.osx.a]
    arg [/Library/Developer/CommandLineTools/usr/bin/ld] ==> ignore
    arg [-demangle] ==> ignore
    arg [-lto_library] ==> ignore, skip following value
    arg [/Library/Developer/CommandLineTools/usr/lib/libLTO.dylib] ==> skip value of -lto_library
    arg [-dynamic] ==> ignore
    arg [-arch] ==> ignore
    arg [arm64] ==> ignore
    arg [-platform_version] ==> ignore
    arg [macos] ==> ignore
    arg [12.1.0] ==> ignore
    arg [12.3] ==> ignore
    arg [-syslibroot] ==> ignore
    arg [/Library/Developer/CommandLineTools/SDKs/MacOSX12.3.sdk] ==> ignore
    arg [-o] ==> ignore
    arg [cmTC_076f7] ==> ignore
    arg [-search_paths_first] ==> ignore
    arg [-headerpad_max_install_names] ==> ignore
    arg [-v] ==> ignore
    arg [CMakeFiles/cmTC_076f7.dir/CMakeCCompilerABI.c.o] ==> ignore
    arg [-lSystem] ==> lib [System]
    arg [/Library/Developer/CommandLineTools/usr/lib/clang/13.0.0/lib/darwin/libclang_rt.osx.a] ==> lib [/Library/Developer/CommandLineTools/usr/lib/clang/13.0.0/lib/darwin/libclang_rt.osx.a]
  Library search paths: [;/Library/Developer/CommandLineTools/SDKs/MacOSX12.3.sdk/usr/lib]
  Framework search paths: [;/Library/Developer/CommandLineTools/SDKs/MacOSX12.3.sdk/System/Library/Frameworks/]
  remove lib [System]
  remove lib [/Library/Developer/CommandLineTools/usr/lib/clang/13.0.0/lib/darwin/libclang_rt.osx.a]
  collapse library dir [/Library/Developer/CommandLineTools/SDKs/MacOSX12.3.sdk/usr/lib] ==> [/Library/Developer/CommandLineTools/SDKs/MacOSX12.3.sdk/usr/lib]
  collapse framework dir [/Library/Developer/CommandLineTools/SDKs/MacOSX12.3.sdk/System/Library/Frameworks/] ==> [/Library/Developer/CommandLineTools/SDKs/MacOSX12.3.sdk/System/Library/Frameworks]
  implicit libs: []
  implicit objs: []
  implicit dirs: [/Library/Developer/CommandLineTools/SDKs/MacOSX12.3.sdk/usr/lib]
  implicit fwks: [/Library/Developer/CommandLineTools/SDKs/MacOSX12.3.sdk/System/Library/Frameworks]


Determining if the include file pthread.h exists passed with the following output:
Change Dir: /Users/anastasialobkina/Desktop/KirillovaVika-homework-3-main/cmake-build-debug/CMakeFiles/CMakeTmp

Run Build Command(s):/Applications/CLion.app/Contents/bin/ninja/mac/ninja cmTC_67b3e && [1/2] Building C object CMakeFiles/cmTC_67b3e.dir/CheckIncludeFile.c.o
[2/2] Linking C executable cmTC_67b3e



Performing C SOURCE FILE Test CMAKE_HAVE_LIBC_PTHREAD succeeded with the following output:
Change Dir: /Users/anastasialobkina/Desktop/KirillovaVika-homework-3-main/cmake-build-debug/CMakeFiles/CMakeTmp

Run Build Command(s):/Applications/CLion.app/Contents/bin/ninja/mac/ninja cmTC_7c051 && [1/2] Building C object CMakeFiles/cmTC_7c051.dir/src.c.o
[2/2] Linking C executable cmTC_7c051


Source file was:
#include <pthread.h>

static void* test_func(void* data)
{
  return data;
}

int main(void)
{
  pthread_t thread;
  pthread_create(&thread, NULL, test_func, NULL);
  pthread_detach(thread);
  pthread_cancel(thread);
  pthread_join(thread, NULL);
  pthread_atfork(NULL, NULL, NULL);
  pthread_exit(NULL);

  return 0;
}

Determining if files CommonCrypto/CommonCrypto.h exist passed with the following output:
Change Dir: /Users/anastasialobkina/Desktop/KirillovaVika-homework-3-main/cmake-build-debug/CMakeFiles/CMakeTmp

Run Build Command(s):/Applications/CLion.app/Contents/bin/ninja/mac/ninja cmTC_13351 && [1/2] Building C object CMakeFiles/cmTC_13351.dir/COMMONCRYPTO_FOUND.c.o
[2/2] Linking C executable cmTC_13351



Determining if the function arc4random exists passed with the following output:
Change Dir: /Users/anastasialobkina/Desktop/KirillovaVika-homework-3-main/cmake-build-debug/CMakeFiles/CMakeTmp

Run Build Command(s):/Applications/CLion.app/Contents/bin/ninja/mac/ninja cmTC_ed239 && [1/2] Building C object CMakeFiles/cmTC_ed239.dir/CheckFunctionExists.c.o
[2/2] Linking C executable cmTC_ed239



Determining if the function clonefile exists passed with the following output:
Change Dir: /Users/anastasialobkina/Desktop/KirillovaVika-homework-3-main/cmake-build-debug/CMakeFiles/CMakeTmp

Run Build Command(s):/Applications/CLion.app/Contents/bin/ninja/mac/ninja cmTC_af66b && [1/2] Building C object CMakeFiles/cmTC_af66b.dir/CheckFunctionExists.c.o
[2/2] Linking C executable cmTC_af66b



Determining if the function fileno exists passed with the following output:
Change Dir: /Users/anastasialobkina/Desktop/KirillovaVika-homework-3-main/cmake-build-debug/CMakeFiles/CMakeTmp

Run Build Command(s):/Applications/CLion.app/Contents/bin/ninja/mac/ninja cmTC_9c082 && [1/2] Building C object CMakeFiles/cmTC_9c082.dir/CheckFunctionExists.c.o
[2/2] Linking C executable cmTC_9c082



Determining if the function fseeko exists passed with the following output:
Change Dir: /Users/anastasialobkina/Desktop/KirillovaVika-homework-3-main/cmake-build-debug/CMakeFiles/CMakeTmp

Run Build Command(s):/Applications/CLion.app/Contents/bin/ninja/mac/ninja cmTC_6cf2a && [1/2] Building C object CMakeFiles/cmTC_6cf2a.dir/CheckFunctionExists.c.o
[2/2] Linking C executable cmTC_6cf2a



Determining if the function ftello exists passed with the following output:
Change Dir: /Users/anastasialobkina/Desktop/KirillovaVika-homework-3-main/cmake-build-debug/CMakeFiles/CMakeTmp

Run Build Command(s):/Applications/CLion.app/Contents/bin/ninja/mac/ninja cmTC_92309 && [1/2] Building C object CMakeFiles/cmTC_92309.dir/CheckFunctionExists.c.o
[2/2] Linking C executable cmTC_92309



Determining if the function getprogname exists passed with the following output:
Change Dir: /Users/anastasialobkina/Desktop/KirillovaVika-homework-3-main/cmake-build-debug/CMakeFiles/CMakeTmp

Run Build Command(s):/Applications/CLion.app/Contents/bin/ninja/mac/ninja cmTC_7ee96 && [1/2] Building C object CMakeFiles/cmTC_7ee96.dir/CheckFunctionExists.c.o
[2/2] Linking C executable cmTC_7ee96



Determining if the function localtime_r exists passed with the following output:
Change Dir: /Users/anastasialobkina/Desktop/KirillovaVika-homework-3-main/cmake-build-debug/CMakeFiles/CMakeTmp

Run Build Command(s):/Applications/CLion.app/Contents/bin/ninja/mac/ninja cmTC_1f4ec && [1/2] Building C object CMakeFiles/cmTC_1f4ec.dir/CheckFunctionExists.c.o
[2/2] Linking C executable cmTC_1f4ec



Determining if the function setmode exists passed with the following output:
Change Dir: /Users/anastasialobkina/Desktop/KirillovaVika-homework-3-main/cmake-build-debug/CMakeFiles/CMakeTmp

Run Build Command(s):/Applications/CLion.app/Contents/bin/ninja/mac/ninja cmTC_3d447 && [1/2] Building C object CMakeFiles/cmTC_3d447.dir/CheckFunctionExists.c.o
[2/2] Linking C executable cmTC_3d447



Determining if the snprintf exist passed with the following output:
Change Dir: /Users/anastasialobkina/Desktop/KirillovaVika-homework-3-main/cmake-build-debug/CMakeFiles/CMakeTmp

Run Build Command(s):/Applications/CLion.app/Contents/bin/ninja/mac/ninja cmTC_5a593 && [1/2] Building C object CMakeFiles/cmTC_5a593.dir/CheckSymbolExists.c.o
[2/2] Linking C executable cmTC_5a593


File /Users/anastasialobkina/Desktop/KirillovaVika-homework-3-main/cmake-build-debug/CMakeFiles/CMakeTmp/CheckSymbolExists.c:
/* */
#include <stdio.h>

int main(int argc, char** argv)
{
  (void)argv;
#ifndef snprintf
  return ((int*)(&snprintf))[argc];
#else
  (void)argc;
  return 0;
#endif
}
Determining if the strcasecmp exist passed with the following output:
Change Dir: /Users/anastasialobkina/Desktop/KirillovaVika-homework-3-main/cmake-build-debug/CMakeFiles/CMakeTmp

Run Build Command(s):/Applications/CLion.app/Contents/bin/ninja/mac/ninja cmTC_39ed3 && [1/2] Building C object CMakeFiles/cmTC_39ed3.dir/CheckSymbolExists.c.o
[2/2] Linking C executable cmTC_39ed3


File /Users/anastasialobkina/Desktop/KirillovaVika-homework-3-main/cmake-build-debug/CMakeFiles/CMakeTmp/CheckSymbolExists.c:
/* */
#include <strings.h>

int main(int argc, char** argv)
{
  (void)argv;
#ifndef strcasecmp
  return ((int*)(&strcasecmp))[argc];
#else
  (void)argc;
  return 0;
#endif
}
Determining if the function strdup exists passed with the following output:
Change Dir: /Users/anastasialobkina/Desktop/KirillovaVika-homework-3-main/cmake-build-debug/CMakeFiles/CMakeTmp

Run Build Command(s):/Applications/CLion.app/Contents/bin/ninja/mac/ninja cmTC_8f69e && [1/2] Building C object CMakeFiles/cmTC_8f69e.dir/CheckFunctionExists.c.o
/Applications/CLion.app/Contents/bin/cmake/mac/share/cmake-3.22/Modules/CheckFunctionExists.c:7:3: warning: incompatible redeclaration of library function 'strdup' [-Wincompatible-library-redeclaration]
  CHECK_FUNCTION_EXISTS(void);
  ^
<command line>:1:31: note: expanded from here
#define CHECK_FUNCTION_EXISTS strdup
                              ^
/Applications/CLion.app/Contents/bin/cmake/mac/share/cmake-3.22/Modules/CheckFunctionExists.c:7:3: note: 'strdup' is a builtin with type 'char *(const char *)'
<command line>:1:31: note: expanded from here
#define CHECK_FUNCTION_EXISTS strdup
                              ^
1 warning generated.
[2/2] Linking C executable cmTC_8f69e



Determining if the function strtoll exists passed with the following output:
Change Dir: /Users/anastasialobkina/Desktop/KirillovaVika-homework-3-main/cmake-build-debug/CMakeFiles/CMakeTmp

Run Build Command(s):/Applications/CLion.app/Contents/bin/ninja/mac/ninja cmTC_072c5 && [1/2] Building C object CMakeFiles/cmTC_072c5.dir/CheckFunctionExists.c.o
/Applications/CLion.app/Contents/bin/cmake/mac/share/cmake-3.22/Modules/CheckFunctionExists.c:7:3: warning: incompatible redeclaration of library function 'strtoll' [-Wincompatible-library-redeclaration]
  CHECK_FUNCTION_EXISTS(void);
  ^
<command line>:1:31: note: expanded from here
#define CHECK_FUNCTION_EXISTS strtoll
                              ^
/Applications/CLion.app/Contents/bin/cmake/mac/share/cmake-3.22/Modules/CheckFunctionExists.c:7:3: note: 'strtoll' is a builtin with type 'long long (const char *, char **, int)'
<command line>:1:31: note: expanded from here
#define CHECK_FUNCTION_EXISTS strtoll
                              ^
1 warning generated.
[2/2] Linking C executable cmTC_072c5



Determining if the function strtoull exists passed with the following output:
Change Dir: /Users/anastasialobkina/Desktop/KirillovaVika-homework-3-main/cmake-build-debug/CMakeFiles/CMakeTmp

Run Build Command(s):/Applications/CLion.app/Contents/bin/ninja/mac/ninja cmTC_990c1 && [1/2] Building C object CMakeFiles/cmTC_990c1.dir/CheckFunctionExists.c.o
/Applications/CLion.app/Contents/bin/cmake/mac/share/cmake-3.22/Modules/CheckFunctionExists.c:7:3: warning: incompatible redeclaration of library function 'strtoull' [-Wincompatible-library-redeclaration]
  CHECK_FUNCTION_EXISTS(void);
  ^
<command line>:1:31: note: expanded from here
#define CHECK_FUNCTION_EXISTS strtoull
                              ^
/Applications/CLion.app/Contents/bin/cmake/mac/share/cmake-3.22/Modules/CheckFunctionExists.c:7:3: note: 'strtoull' is a builtin with type 'unsigned long long (const char *, char **, int)'
<command line>:1:31: note: expanded from here
#define CHECK_FUNCTION_EXISTS strtoull
                              ^
1 warning generated.
[2/2] Linking C executable cmTC_990c1



Determining if files sys/types.h;sys/stat.h;fts.h exist passed with the following output:
Change Dir: /Users/anastasialobkina/Desktop/KirillovaVika-homework-3-main/cmake-build-debug/CMakeFiles/CMakeTmp

Run Build Command(s):/Applications/CLion.app/Contents/bin/ninja/mac/ninja cmTC_52f5b && [1/2] Building C object CMakeFiles/cmTC_52f5b.dir/HAVE_FTS_H.c.o
[2/2] Linking C executable cmTC_52f5b



Determining if the function fts_open exists passed with the following output:
Change Dir: /Users/anastasialobkina/Desktop/KirillovaVika-homework-3-main/cmake-build-debug/CMakeFiles/CMakeTmp

Run Build Command(s):/Applications/CLion.app/Contents/bin/ninja/mac/ninja cmTC_ec11d && [1/2] Building C object CMakeFiles/cmTC_ec11d.dir/CheckFunctionExists.c.o
[2/2] Linking C executable cmTC_ec11d



Determining if files stdbool.h exist passed with the following output:
Change Dir: /Users/anastasialobkina/Desktop/KirillovaVika-homework-3-main/cmake-build-debug/CMakeFiles/CMakeTmp

Run Build Command(s):/Applications/CLion.app/Contents/bin/ninja/mac/ninja cmTC_a145a && [1/2] Building C object CMakeFiles/cmTC_a145a.dir/HAVE_STDBOOL_H.c.o
[2/2] Linking C executable cmTC_a145a



Determining if files strings.h exist passed with the following output:
Change Dir: /Users/anastasialobkina/Desktop/KirillovaVika-homework-3-main/cmake-build-debug/CMakeFiles/CMakeTmp

Run Build Command(s):/Applications/CLion.app/Contents/bin/ninja/mac/ninja cmTC_0f17a && [1/2] Building C object CMakeFiles/cmTC_0f17a.dir/HAVE_STRINGS_H.c.o
[2/2] Linking C executable cmTC_0f17a



Determining if files unistd.h exist passed with the following output:
Change Dir: /Users/anastasialobkina/Desktop/KirillovaVika-homework-3-main/cmake-build-debug/CMakeFiles/CMakeTmp

Run Build Command(s):/Applications/CLion.app/Contents/bin/ninja/mac/ninja cmTC_1fe3c && [1/2] Building C object CMakeFiles/cmTC_1fe3c.dir/HAVE_UNISTD_H.c.o
[2/2] Linking C executable cmTC_1fe3c



Determining if files inttypes.h exist passed with the following output:
Change Dir: /Users/anastasialobkina/Desktop/KirillovaVika-homework-3-main/cmake-build-debug/CMakeFiles/CMakeTmp

Run Build Command(s):/Applications/CLion.app/Contents/bin/ninja/mac/ninja cmTC_8ab3f && [1/2] Building C object CMakeFiles/cmTC_8ab3f.dir/HAVE_INTTYPES_H_LIBZIP.c.o
[2/2] Linking C executable cmTC_8ab3f



Determining if files stdint.h exist passed with the following output:
Change Dir: /Users/anastasialobkina/Desktop/KirillovaVika-homework-3-main/cmake-build-debug/CMakeFiles/CMakeTmp

Run Build Command(s):/Applications/CLion.app/Contents/bin/ninja/mac/ninja cmTC_e459e && [1/2] Building C object CMakeFiles/cmTC_e459e.dir/HAVE_STDINT_H_LIBZIP.c.o
[2/2] Linking C executable cmTC_e459e



Determining if files sys/types.h exist passed with the following output:
Change Dir: /Users/anastasialobkina/Desktop/KirillovaVika-homework-3-main/cmake-build-debug/CMakeFiles/CMakeTmp

Run Build Command(s):/Applications/CLion.app/Contents/bin/ninja/mac/ninja cmTC_46739 && [1/2] Building C object CMakeFiles/cmTC_46739.dir/HAVE_SYS_TYPES_H_LIBZIP.c.o
[2/2] Linking C executable cmTC_46739



Determining if the include file sys/types.h exists passed with the following output:
Change Dir: /Users/anastasialobkina/Desktop/KirillovaVika-homework-3-main/cmake-build-debug/CMakeFiles/CMakeTmp

Run Build Command(s):/Applications/CLion.app/Contents/bin/ninja/mac/ninja cmTC_620bd && [1/2] Building C object CMakeFiles/cmTC_620bd.dir/CheckIncludeFile.c.o
[2/2] Linking C executable cmTC_620bd



Determining if the include file stdint.h exists passed with the following output:
Change Dir: /Users/anastasialobkina/Desktop/KirillovaVika-homework-3-main/cmake-build-debug/CMakeFiles/CMakeTmp

Run Build Command(s):/Applications/CLion.app/Contents/bin/ninja/mac/ninja cmTC_1eb98 && [1/2] Building C object CMakeFiles/cmTC_1eb98.dir/CheckIncludeFile.c.o
[2/2] Linking C executable cmTC_1eb98



Determining if the include file stddef.h exists passed with the following output:
Change Dir: /Users/anastasialobkina/Desktop/KirillovaVika-homework-3-main/cmake-build-debug/CMakeFiles/CMakeTmp

Run Build Command(s):/Applications/CLion.app/Contents/bin/ninja/mac/ninja cmTC_212bd && [1/2] Building C object CMakeFiles/cmTC_212bd.dir/CheckIncludeFile.c.o
[2/2] Linking C executable cmTC_212bd



Determining size of int8_t passed with the following output:
Change Dir: /Users/anastasialobkina/Desktop/KirillovaVika-homework-3-main/cmake-build-debug/CMakeFiles/CMakeTmp

Run Build Command(s):/Applications/CLion.app/Contents/bin/ninja/mac/ninja cmTC_8932e && [1/2] Building C object CMakeFiles/cmTC_8932e.dir/INT8_T_LIBZIP.c.o
[2/2] Linking C executable cmTC_8932e



Determining size of uint8_t passed with the following output:
Change Dir: /Users/anastasialobkina/Desktop/KirillovaVika-homework-3-main/cmake-build-debug/CMakeFiles/CMakeTmp

Run Build Command(s):/Applications/CLion.app/Contents/bin/ninja/mac/ninja cmTC_f076c && [1/2] Building C object CMakeFiles/cmTC_f076c.dir/UINT8_T_LIBZIP.c.o
[2/2] Linking C executable cmTC_f076c



Determining size of int16_t passed with the following output:
Change Dir: /Users/anastasialobkina/Desktop/KirillovaVika-homework-3-main/cmake-build-debug/CMakeFiles/CMakeTmp

Run Build Command(s):/Applications/CLion.app/Contents/bin/ninja/mac/ninja cmTC_4f383 && [1/2] Building C object CMakeFiles/cmTC_4f383.dir/INT16_T_LIBZIP.c.o
[2/2] Linking C executable cmTC_4f383



Determining size of uint16_t passed with the following output:
Change Dir: /Users/anastasialobkina/Desktop/KirillovaVika-homework-3-main/cmake-build-debug/CMakeFiles/CMakeTmp

Run Build Command(s):/Applications/CLion.app/Contents/bin/ninja/mac/ninja cmTC_9f8ae && [1/2] Building C object CMakeFiles/cmTC_9f8ae.dir/UINT16_T_LIBZIP.c.o
[2/2] Linking C executable cmTC_9f8ae



Determining size of int32_t passed with the following output:
Change Dir: /Users/anastasialobkina/Desktop/KirillovaVika-homework-3-main/cmake-build-debug/CMakeFiles/CMakeTmp

Run Build Command(s):/Applications/CLion.app/Contents/bin/ninja/mac/ninja cmTC_26f37 && [1/2] Building C object CMakeFiles/cmTC_26f37.dir/INT32_T_LIBZIP.c.o
[2/2] Linking C executable cmTC_26f37



Determining size of uint32_t passed with the following output:
Change Dir: /Users/anastasialobkina/Desktop/KirillovaVika-homework-3-main/cmake-build-debug/CMakeFiles/CMakeTmp

Run Build Command(s):/Applications/CLion.app/Contents/bin/ninja/mac/ninja cmTC_d76de && [1/2] Building C object CMakeFiles/cmTC_d76de.dir/UINT32_T_LIBZIP.c.o
[2/2] Linking C executable cmTC_d76de



Determining size of int64_t passed with the following output:
Change Dir: /Users/anastasialobkina/Desktop/KirillovaVika-homework-3-main/cmake-build-debug/CMakeFiles/CMakeTmp

Run Build Command(s):/Applications/CLion.app/Contents/bin/ninja/mac/ninja cmTC_d9b1e && [1/2] Building C object CMakeFiles/cmTC_d9b1e.dir/INT64_T_LIBZIP.c.o
[2/2] Linking C executable cmTC_d9b1e



Determining size of uint64_t passed with the following output:
Change Dir: /Users/anastasialobkina/Desktop/KirillovaVika-homework-3-main/cmake-build-debug/CMakeFiles/CMakeTmp

Run Build Command(s):/Applications/CLion.app/Contents/bin/ninja/mac/ninja cmTC_12a70 && [1/2] Building C object CMakeFiles/cmTC_12a70.dir/UINT64_T_LIBZIP.c.o
[2/2] Linking C executable cmTC_12a70



Determining size of short passed with the following output:
Change Dir: /Users/anastasialobkina/Desktop/KirillovaVika-homework-3-main/cmake-build-debug/CMakeFiles/CMakeTmp

Run Build Command(s):/Applications/CLion.app/Contents/bin/ninja/mac/ninja cmTC_f784d && [1/2] Building C object CMakeFiles/cmTC_f784d.dir/SHORT_LIBZIP.c.o
[2/2] Linking C executable cmTC_f784d



Determining size of int passed with the following output:
Change Dir: /Users/anastasialobkina/Desktop/KirillovaVika-homework-3-main/cmake-build-debug/CMakeFiles/CMakeTmp

Run Build Command(s):/Applications/CLion.app/Contents/bin/ninja/mac/ninja cmTC_2baf6 && [1/2] Building C object CMakeFiles/cmTC_2baf6.dir/INT_LIBZIP.c.o
[2/2] Linking C executable cmTC_2baf6



Determining size of long passed with the following output:
Change Dir: /Users/anastasialobkina/Desktop/KirillovaVika-homework-3-main/cmake-build-debug/CMakeFiles/CMakeTmp

Run Build Command(s):/Applications/CLion.app/Contents/bin/ninja/mac/ninja cmTC_94a36 && [1/2] Building C object CMakeFiles/cmTC_94a36.dir/LONG_LIBZIP.c.o
[2/2] Linking C executable cmTC_94a36



Determining size of long long passed with the following output:
Change Dir: /Users/anastasialobkina/Desktop/KirillovaVika-homework-3-main/cmake-build-debug/CMakeFiles/CMakeTmp

Run Build Command(s):/Applications/CLion.app/Contents/bin/ninja/mac/ninja cmTC_a0ee4 && [1/2] Building C object CMakeFiles/cmTC_a0ee4.dir/LONG_LONG_LIBZIP.c.o
[2/2] Linking C executable cmTC_a0ee4



Determining size of off_t passed with the following output:
Change Dir: /Users/anastasialobkina/Desktop/KirillovaVika-homework-3-main/cmake-build-debug/CMakeFiles/CMakeTmp

Run Build Command(s):/Applications/CLion.app/Contents/bin/ninja/mac/ninja cmTC_29098 && [1/2] Building C object CMakeFiles/cmTC_29098.dir/SIZEOF_OFF_T.c.o
[2/2] Linking C executable cmTC_29098



Determining size of size_t passed with the following output:
Change Dir: /Users/anastasialobkina/Desktop/KirillovaVika-homework-3-main/cmake-build-debug/CMakeFiles/CMakeTmp

Run Build Command(s):/Applications/CLion.app/Contents/bin/ninja/mac/ninja cmTC_8fe13 && [1/2] Building C object CMakeFiles/cmTC_8fe13.dir/SIZEOF_SIZE_T.c.o
[2/2] Linking C executable cmTC_8fe13



Performing C SOURCE FILE Test HAVE_NULLABLE succeeded with the following output:
Change Dir: /Users/anastasialobkina/Desktop/KirillovaVika-homework-3-main/cmake-build-debug/CMakeFiles/CMakeTmp

Run Build Command(s):/Applications/CLion.app/Contents/bin/ninja/mac/ninja cmTC_b31c6 && [1/2] Building C object CMakeFiles/cmTC_b31c6.dir/src.c.o
[2/2] Linking C executable cmTC_b31c6


Source file was:

int foo(char * _Nullable bar);
int main(int argc, char *argv[]) { }
Determining if the BZ2_bzCompressInit exist passed with the following output:
Change Dir: /Users/anastasialobkina/Desktop/KirillovaVika-homework-3-main/cmake-build-debug/CMakeFiles/CMakeTmp

Run Build Command(s):/Applications/CLion.app/Contents/bin/ninja/mac/ninja cmTC_2615d && [1/2] Building C object CMakeFiles/cmTC_2615d.dir/CheckSymbolExists.c.o
[2/2] Linking C executable cmTC_2615d


File /Users/anastasialobkina/Desktop/KirillovaVika-homework-3-main/cmake-build-debug/CMakeFiles/CMakeTmp/CheckSymbolExists.c:
/* */
#include <bzlib.h>

int main(int argc, char** argv)
{
  (void)argv;
#ifndef BZ2_bzCompressInit
  return ((int*)(&BZ2_bzCompressInit))[argc];
#else
  (void)argc;
  return 0;
#endif
}
Determining if the function lzma_auto_decoder exists in the /Library/Developer/CommandLineTools/SDKs/MacOSX12.3.sdk/usr/lib/liblzma.tbd passed with the following output:
Change Dir: /Users/anastasialobkina/Desktop/KirillovaVika-homework-3-main/cmake-build-debug/CMakeFiles/CMakeTmp

Run Build Command(s):/Applications/CLion.app/Contents/bin/ninja/mac/ninja cmTC_5a2d5 && [1/2] Building C object CMakeFiles/cmTC_5a2d5.dir/CheckFunctionExists.c.o
[2/2] Linking C executable cmTC_5a2d5



Determining if the function lzma_easy_encoder exists in the /Library/Developer/CommandLineTools/SDKs/MacOSX12.3.sdk/usr/lib/liblzma.tbd passed with the following output:
Change Dir: /Users/anastasialobkina/Desktop/KirillovaVika-homework-3-main/cmake-build-debug/CMakeFiles/CMakeTmp

Run Build Command(s):/Applications/CLion.app/Contents/bin/ninja/mac/ninja cmTC_c60c8 && [1/2] Building C object CMakeFiles/cmTC_c60c8.dir/CheckFunctionExists.c.o
[2/2] Linking C executable cmTC_c60c8



Determining if the function lzma_lzma_preset exists in the /Library/Developer/CommandLineTools/SDKs/MacOSX12.3.sdk/usr/lib/liblzma.tbd passed with the following output:
Change Dir: /Users/anastasialobkina/Desktop/KirillovaVika-homework-3-main/cmake-build-debug/CMakeFiles/CMakeTmp

Run Build Command(s):/Applications/CLion.app/Contents/bin/ninja/mac/ninja cmTC_46272 && [1/2] Building C object CMakeFiles/cmTC_46272.dir/CheckFunctionExists.c.o
[2/2] Linking C executable cmTC_46272



Determining if the function getopt exists passed with the following output:
Change Dir: /Users/anastasialobkina/Desktop/KirillovaVika-homework-3-main/cmake-build-debug/CMakeFiles/CMakeTmp

Run Build Command(s):/Applications/CLion.app/Contents/bin/ninja/mac/ninja cmTC_d7d45 && [1/2] Building C object CMakeFiles/cmTC_d7d45.dir/CheckFunctionExists.c.o
[2/2] Linking C executable cmTC_d7d45



